{"level":"info","message":{"_id":"61a56977d89cd148ae677826","createdAt":"2021-11-29T23:59:51.447Z","name":"omer123","updatedAt":"2021-11-29T23:59:51.447Z"},"service":"user-service"}
{"level":"info","message":{"_id":"61a56ee6354f50df323ee606","createdAt":"2021-11-30T00:23:02.755Z","name":"qwasdasdasd","updatedAt":"2021-11-30T00:23:02.755Z"},"service":"team-service"}
{"level":"info","message":{"_id":"61a591e1dd9d6d3a2703ff8f","createdAt":"2021-11-30T02:52:17.484Z","name":"lodzlovers","updatedAt":"2021-11-30T02:52:17.484Z"},"service":"team-service"}
{"level":"info","message":{"_id":"61a5920312ffe2fb1af207b2","createdAt":"2021-11-30T02:52:51.401Z","name":"lodzlovers","updatedAt":"2021-11-30T02:52:51.401Z"},"service":"team-service"}
{"level":"info","message":{"_id":"61b4d045a3b665dec3b8bb72","createdAt":"2021-12-11T16:22:29.573Z","founder":"61b4cff4a3b665dec3b8bb6f","name":"hellotry","playersId":[],"updatedAt":"2021-12-11T16:22:29.573Z"},"service":"team-service"}
{"level":"info","message":{"_id":"61b4d1ba95e67ba52a2eddcd","createdAt":"2021-12-11T16:28:42.940Z","founder":"61b4cff4a3b665dec3b8bb6f","name":"hellotry","playersId":[],"updatedAt":"2021-12-11T16:28:42.940Z"},"service":"team-service"}
{"level":"info","message":{"_id":"61b4d1e789258bd6170df923","createdAt":"2021-12-11T16:29:27.897Z","founder":"61b4cff4a3b665dec3b8bb6f","name":"hellotry","playersId":[],"updatedAt":"2021-12-11T16:29:27.897Z"},"service":"team-service"}
{"level":"info","message":{"_id":"61b4d221c602569ac39c5531","createdAt":"2021-12-11T16:30:25.235Z","founder":"61b4cff4a3b665dec3b8bb6f","name":"hellotry","playersId":[],"updatedAt":"2021-12-11T16:30:25.235Z"},"service":"team-service"}
{"level":"info","message":{"_id":"61b4d2323dadb8960e880a30","createdAt":"2021-12-11T16:30:42.087Z","founder":"61b4cff4a3b665dec3b8bb6f","name":"hellotry","playersId":[],"updatedAt":"2021-12-11T16:30:42.087Z"},"service":"team-service"}
{"level":"info","message":{"_id":"61b4d2d28197f9f232428389","createdAt":"2021-12-11T16:33:22.975Z","founder":"61b4cff4a3b665dec3b8bb6f","name":"hellotry","playersId":[],"updatedAt":"2021-12-11T16:33:22.975Z"},"service":"team-service"}
{"level":"info","message":{"_id":"61b4d30abd774e5acbab6fdb","createdAt":"2021-12-11T16:34:18.122Z","founder":"61b4cff4a3b665dec3b8bb6f","name":"hellotry","playersId":[],"updatedAt":"2021-12-11T16:34:18.122Z"},"service":"team-service"}
{"level":"info","message":{"_id":"61b4d337bf6176c1e0e92228","createdAt":"2021-12-11T16:35:03.042Z","founder":"61b4cff4a3b665dec3b8bb6f","name":"hellotry","playersId":[],"updatedAt":"2021-12-11T16:35:03.042Z"},"service":"team-service"}
{"level":"info","message":{"_id":"61b4d36342aab4fed83b7a9c","createdAt":"2021-12-11T16:35:47.937Z","founder":"61b4cff4a3b665dec3b8bb6f","name":"hellotry","playersId":[],"updatedAt":"2021-12-11T16:35:47.937Z"},"service":"team-service"}
{"level":"info","message":{"_id":"61b4d42788e6935a245c3914","createdAt":"2021-12-11T16:39:03.795Z","founder":"61b4cff4a3b665dec3b8bb6f","name":"hellotry","playersId":[],"updatedAt":"2021-12-11T16:39:03.795Z"},"service":"team-service"}
{"level":"info","message":{"_id":"61b4d8ee98b7a655511df83a","createdAt":"2021-12-11T16:59:26.725Z","founder":"61b4cff4a3b665dec3b8bb6f","name":"hellotry","playersId":[],"updatedAt":"2021-12-11T16:59:26.725Z"},"service":"team-service"}
{"level":"info","message":{"_id":"61b4d906fa14073b120ec0fd","createdAt":"2021-12-11T16:59:51.002Z","founder":"61b4cff4a3b665dec3b8bb6f","name":"hellotry","playersId":[],"updatedAt":"2021-12-11T16:59:51.002Z"},"service":"team-service"}
{"level":"info","message":{"_id":"61b4d96554fecf6f68b2a0d8","createdAt":"2021-12-11T17:01:25.322Z","founder":"61b4cff4a3b665dec3b8bb6f","name":"hellotry","playersId":["61b4cff4a3b665dec3b8bb6f"],"updatedAt":"2021-12-11T17:01:25.322Z"},"service":"team-service"}
{"level":"info","message":{"_id":"61b4d9861c2091d7e7325cd8","createdAt":"2021-12-11T17:01:58.093Z","founder":"61b4cff4a3b665dec3b8bb6f","name":"hellotry","playersId":["61b4cff4a3b665dec3b8bb6f"],"updatedAt":"2021-12-11T17:01:58.093Z"},"service":"team-service"}
{"level":"info","message":{"_id":"61b4d9ba7931629abd0260aa","createdAt":"2021-12-11T17:02:50.732Z","founder":"61b4cff4a3b665dec3b8bb6f","name":"hellotry","playersId":["61b4cff4a3b665dec3b8bb6f"],"updatedAt":"2021-12-11T17:02:50.732Z"},"service":"team-service"}
{"level":"info","message":{"_id":"61b4d9c40b5da5f6b08e977d","createdAt":"2021-12-11T17:03:00.160Z","founder":"61b4cff4a3b665dec3b8bb6f","name":"hellotry","playersId":["61b4cff4a3b665dec3b8bb6f"],"updatedAt":"2021-12-11T17:03:00.160Z"},"service":"team-service"}
{"level":"info","message":{"_id":"61b4d9f5c4cfcc9243061178","createdAt":"2021-12-11T17:03:49.596Z","founder":"61b4cff4a3b665dec3b8bb6f","name":"hellotry","playersId":[],"updatedAt":"2021-12-11T17:03:49.596Z"},"service":"team-service"}
{"level":"info","message":{"_id":"61b4da1e7fe11b2e593ab701","createdAt":"2021-12-11T17:04:30.096Z","founder":"61b4cff4a3b665dec3b8bb6f","name":"hellotry","playersId":[],"updatedAt":"2021-12-11T17:04:30.096Z"},"service":"team-service"}
{"level":"info","message":{"_id":"61b4da34ab49261536e165b8","createdAt":"2021-12-11T17:04:52.023Z","founder":"61b4cff4a3b665dec3b8bb6f","name":"hellotry","playersId":[],"updatedAt":"2021-12-11T17:04:52.023Z"},"service":"team-service"}
{"level":"info","message":{"_id":"61b4db2219be19897c82143c","createdAt":"2021-12-11T17:08:50.644Z","founder":"61b4cff4a3b665dec3b8bb6f","name":"hellotry","playersId":["61b4cff4a3b665dec3b8bb6f"],"updatedAt":"2021-12-11T17:08:50.644Z"},"service":"team-service"}
{"level":"info","message":{"_id":"61b4db3433dfcdb56cce1430","createdAt":"2021-12-11T17:09:08.027Z","founder":"61b4cff4a3b665dec3b8bb6f","name":"hellotry","playersId":["61b4cff4a3b665dec3b8bb6f","61b4cff4a3b665dec3b8bb6f"],"updatedAt":"2021-12-11T17:09:08.027Z"},"service":"team-service"}
{"level":"info","message":{"_id":"61b4db3433dfcdb56cce1430","createdAt":"2021-12-11T17:09:08.027Z","founder":"61b4cff4a3b665dec3b8bb6f","name":"hellotry","playersId":["61b4cff4a3b665dec3b8bb6f","61b4cff4a3b665dec3b8bb6f"],"updatedAt":"2021-12-11T17:09:08.027Z"},"service":"team-service"}
{"level":"info","message":{"_id":"61b4f8e93c7130c954e399d3","createdAt":"2021-12-11T19:15:53.264Z","founder":"61b4cff4a3b665dec3b8bb6f","name":"selamlar1","playersId":["61b4cff4a3b665dec3b8bb6f"],"updatedAt":"2021-12-11T19:15:53.264Z"},"service":"team-service"}
{"level":"info","message":{"_id":"61b4f92f0bdcc89a76233b86","createdAt":"2021-12-11T19:17:03.306Z","founder":"61b4cff4a3b665dec3b8bb6f","name":"selamlar1","playersId":["61b4cff4a3b665dec3b8bb6f"],"updatedAt":"2021-12-11T19:17:03.306Z"},"service":"team-service"}
{"level":"info","message":{"_id":"61b4f968d4a853fa5546dbb7","createdAt":"2021-12-11T19:18:00.733Z","founder":"61b4cff4a3b665dec3b8bb6f","name":"selamlar1","playersId":["61b4cff4a3b665dec3b8bb6f"],"updatedAt":"2021-12-11T19:18:00.733Z"},"service":"team-service"}
{"level":"info","message":{"_id":"61d9c726b984b144e517b193","createdAt":"2022-01-08T17:17:26.873Z","founder":"61d9c6a8b984b144e517b18f","name":"beşiktaş","playersId":[],"updatedAt":"2022-01-08T17:17:26.873Z"},"service":"team-service"}
{"level":"info","message":{"_id":"61d9c726b984b144e517b193","createdAt":"2022-01-08T17:17:26.873Z","founder":"61d9c6a8b984b144e517b18f","name":"beşiktaş","playersId":[{"_id":"61d9c6a8b984b144e517b18f","createdAt":"2022-01-08T17:15:20.669Z","email":"omercolakoglu@gmail.com","name":"omercolakoglu","password":"669274f15f5e404e071ad5f71620798fd779f7a3bda303afce7e13f2041c3796","updatedAt":"2022-01-08T17:15:20.669Z"}],"updatedAt":"2022-01-08T17:17:26.965Z"},"service":"team-service"}
{"level":"info","message":{"_id":"61d9c8da42909ebe81ced4a5","createdAt":"2022-01-08T17:24:42.985Z","founder":"61d9c6a8b984b144e517b18f","name":"fener","playersId":[],"updatedAt":"2022-01-08T17:24:42.985Z"},"service":"team-service"}
{"level":"info","message":{"_id":"61d9c8da42909ebe81ced4a5","createdAt":"2022-01-08T17:24:42.985Z","founder":"61d9c6a8b984b144e517b18f","name":"fener","playersId":["61d9c6a8b984b144e517b18f"],"updatedAt":"2022-01-08T17:24:43.077Z"},"service":"team-service"}
{"level":"info","message":{"_id":"61d9c918056ba47296d43b93","createdAt":"2022-01-08T17:25:44.321Z","founder":"61d9c6a8b984b144e517b18f","name":"fener","playersId":[],"updatedAt":"2022-01-08T17:25:44.321Z"},"service":"team-service"}
{"level":"info","message":{"_id":"61d9c918056ba47296d43b93","createdAt":"2022-01-08T17:25:44.321Z","founder":"61d9c6a8b984b144e517b18f","name":"fener","playersId":[{"_id":"61d9c6a8b984b144e517b18f"}],"updatedAt":"2022-01-08T17:25:44.423Z"},"service":"team-service"}
{"level":"info","message":{"_id":"61d9ca53bc13944be616bb4f","createdAt":"2022-01-08T17:30:59.026Z","founder":"61d9c6a8b984b144e517b18f","name":"fener","playersId":[],"updatedAt":"2022-01-08T17:30:59.026Z"},"service":"team-service"}
{"level":"info","message":{"_id":"61d9ca53bc13944be616bb4f","createdAt":"2022-01-08T17:30:59.026Z","founder":"61d9c6a8b984b144e517b18f","name":"fener","playersId":["61d9c6a8b984b144e517b18f"],"updatedAt":"2022-01-08T17:30:59.129Z"},"service":"team-service"}
{"level":"info","message":{"_id":"61d9ca53bc13944be616bb4f","createdAt":"2022-01-08T17:30:59.026Z","founder":{"_id":"61d9c6a8b984b144e517b18f","name":"omercolakoglu"},"name":"fener","playersId":["61d9c6a8b984b144e517b18f"],"updatedAt":"2022-01-08T17:30:59.129Z"},"service":"team-service"}
{"level":"info","message":{"_id":"61d9ca53bc13944be616bb4f","createdAt":"2022-01-08T17:30:59.026Z","founder":{"_id":"61d9c6a8b984b144e517b18f","name":"omercolakoglu"},"name":"fener","playersId":["61d9c6a8b984b144e517b18f"],"updatedAt":"2022-01-08T17:30:59.129Z"},"service":"team-service"}
{"level":"info","message":{"_id":"61d9ca53bc13944be616bb4f","createdAt":"2022-01-08T17:30:59.026Z","founder":{"_id":"61d9c6a8b984b144e517b18f","name":"omercolakoglu"},"name":"fener","playersId":["61d9c6a8b984b144e517b18f"],"updatedAt":"2022-01-08T17:30:59.129Z"},"service":"team-service"}
{"level":"info","message":{"_id":"61d9ca53bc13944be616bb4f","createdAt":"2022-01-08T17:30:59.026Z","founder":{"_id":"61d9c6a8b984b144e517b18f","name":"omercolakoglu"},"name":"fener","playersId":["61d9c6a8b984b144e517b18f"],"updatedAt":"2022-01-08T17:30:59.129Z"},"service":"team-service"}
{"level":"info","message":{"_id":"61d9ca53bc13944be616bb4f","createdAt":"2022-01-08T17:30:59.026Z","founder":{"_id":"61d9c6a8b984b144e517b18f","name":"omercolakoglu"},"name":"fener","playersId":["61d9c6a8b984b144e517b18f"],"updatedAt":"2022-01-08T17:30:59.129Z"},"service":"team-service"}
{"level":"info","message":{"_id":"61d9ca53bc13944be616bb4f","createdAt":"2022-01-08T17:30:59.026Z","founder":{"_id":"61d9c6a8b984b144e517b18f","name":"omercolakoglu"},"name":"fener","playersId":["61d9c6a8b984b144e517b18f"],"updatedAt":"2022-01-08T17:30:59.129Z"},"service":"team-service"}
{"level":"info","message":{"_id":"61d9ca53bc13944be616bb4f","createdAt":"2022-01-08T17:30:59.026Z","founder":{"_id":"61d9c6a8b984b144e517b18f","name":"omercolakoglu"},"name":"fener","playersId":["61d9c6a8b984b144e517b18f"],"updatedAt":"2022-01-08T17:30:59.129Z"},"service":"team-service"}
{"level":"info","message":{"_id":"61d9ca53bc13944be616bb4f","createdAt":"2022-01-08T17:30:59.026Z","founder":{"_id":"61d9c6a8b984b144e517b18f","name":"omercolakoglu"},"name":"fener","playersId":["61d9c6a8b984b144e517b18f"],"updatedAt":"2022-01-08T17:30:59.129Z"},"service":"team-service"}
{"level":"info","message":{"_id":"61d9d213bc70dfd770cc0409","createdAt":"2022-01-08T18:04:03.345Z","founder":"61d9c6a8b984b144e517b18f","name":"lodzchamps","playersId":[],"updatedAt":"2022-01-08T18:04:03.345Z"},"service":"team-service"}
{"level":"info","message":{"_id":"61d9d213bc70dfd770cc0409","createdAt":"2022-01-08T18:04:03.345Z","founder":"61d9c6a8b984b144e517b18f","name":"lodzchamps","playersId":["61d9c6a8b984b144e517b18f"],"updatedAt":"2022-01-08T18:04:03.422Z"},"service":"team-service"}
{"level":"info","message":{"_id":"61d9d213bc70dfd770cc0409","createdAt":"2022-01-08T18:04:03.345Z","founder":{"_id":"61d9c6a8b984b144e517b18f","name":"omercolakoglu"},"name":"lodzchamps","playersId":["61d9c6a8b984b144e517b18f"],"updatedAt":"2022-01-08T18:04:03.422Z"},"service":"team-service"}
{"level":"info","message":{"_id":"61d9d213bc70dfd770cc0409","createdAt":"2022-01-08T18:04:03.345Z","founder":{"_id":"61d9c6a8b984b144e517b18f","name":"omercolakoglu"},"name":"lodzchamps","playersId":["61d9c6a8b984b144e517b18f"],"updatedAt":"2022-01-08T18:04:03.422Z"},"service":"team-service"}
{"level":"info","message":{"_id":"61d9d213bc70dfd770cc0409","createdAt":"2022-01-08T18:04:03.345Z","founder":{"_id":"61d9c6a8b984b144e517b18f","name":"omercolakoglu"},"name":"lodzchamps","playersId":["61d9c6a8b984b144e517b18f"],"updatedAt":"2022-01-08T18:04:03.422Z"},"service":"team-service"}
{"level":"info","message":{"_id":"61d9d213bc70dfd770cc0409","createdAt":"2022-01-08T18:04:03.345Z","founder":{"_id":"61d9c6a8b984b144e517b18f","name":"omercolakoglu"},"name":"lodzchamps","playersId":["61d9c6a8b984b144e517b18f"],"updatedAt":"2022-01-08T18:04:03.422Z"},"service":"team-service"}
{"level":"info","message":{"_id":"61d9d213bc70dfd770cc0409","createdAt":"2022-01-08T18:04:03.345Z","founder":{"_id":"61d9c6a8b984b144e517b18f","name":"omercolakoglu"},"name":"lodzchamps","playersId":["61d9c6a8b984b144e517b18f"],"updatedAt":"2022-01-08T18:04:03.422Z"},"service":"team-service"}
{"level":"info","message":{"_id":"61d9d6bd2b23ee3374ae392a","createdAt":"2022-01-08T18:23:57.047Z","founder":"61d9c6a8b984b144e517b18f","name":"lodz123","playersId":[],"updatedAt":"2022-01-08T18:23:57.047Z"},"service":"team-service"}
{"level":"info","message":{"_id":"61d9d6bd2b23ee3374ae392a","createdAt":"2022-01-08T18:23:57.047Z","founder":"61d9c6a8b984b144e517b18f","name":"lodz123","playersId":["61d9c6a8b984b144e517b18f"],"updatedAt":"2022-01-08T18:23:57.135Z"},"service":"team-service"}
{"level":"info","message":{"_id":"61d9d737994391ff68d7a145","createdAt":"2022-01-08T18:25:59.057Z","founder":"61d9c6a8b984b144e517b18f","name":"lodzteam","playersId":[],"updatedAt":"2022-01-08T18:25:59.057Z"},"service":"team-service"}
{"level":"info","message":{"_id":"61d9d737994391ff68d7a145","createdAt":"2022-01-08T18:25:59.057Z","founder":"61d9c6a8b984b144e517b18f","name":"lodzteam","playersId":[{"_id":"61d9c6a8b984b144e517b18f","createdAt":"2022-01-08T17:15:20.669Z","email":"omercolakoglu@gmail.com","name":"omercolakoglu","password":"669274f15f5e404e071ad5f71620798fd779f7a3bda303afce7e13f2041c3796","teamId":{"_id":"61d9d6bd2b23ee3374ae392a","name":"lodz123"},"updatedAt":"2022-01-08T18:23:57.219Z"}],"updatedAt":"2022-01-08T18:25:59.146Z"},"service":"team-service"}
{"level":"info","message":{"_id":"61d9d737994391ff68d7a145","createdAt":"2022-01-08T18:25:59.057Z","founder":{"_id":"61d9c6a8b984b144e517b18f","name":"omercolakoglu"},"name":"lodzteam","playersId":["61d9c6a8b984b144e517b18f"],"updatedAt":"2022-01-08T18:25:59.146Z"},"service":"team-service"}
{"level":"info","message":{"_id":"61d9d737994391ff68d7a145","createdAt":"2022-01-08T18:25:59.057Z","founder":{"_id":"61d9c6a8b984b144e517b18f","name":"omercolakoglu"},"name":"lodzteam","playersId":["61d9c6a8b984b144e517b18f"],"updatedAt":"2022-01-08T18:25:59.146Z"},"service":"team-service"}
{"level":"info","message":{"_id":"61d9d737994391ff68d7a145","createdAt":"2022-01-08T18:25:59.057Z","founder":{"_id":"61d9c6a8b984b144e517b18f","name":"omercolakoglu"},"name":"lodzteam","playersId":["61d9c6a8b984b144e517b18f"],"updatedAt":"2022-01-08T18:25:59.146Z"},"service":"team-service"}
{"level":"info","message":{"_id":"61d9d737994391ff68d7a145","createdAt":"2022-01-08T18:25:59.057Z","founder":{"_id":"61d9c6a8b984b144e517b18f","name":"omercolakoglu"},"name":"lodzteam","playersId":["61d9c6a8b984b144e517b18f"],"updatedAt":"2022-01-08T18:25:59.146Z"},"service":"team-service"}
{"level":"info","message":{"_id":"61d9d737994391ff68d7a145","createdAt":"2022-01-08T18:25:59.057Z","founder":{"_id":"61d9c6a8b984b144e517b18f","name":"omercolakoglu"},"name":"lodzteam","playersId":["61d9c6a8b984b144e517b18f"],"updatedAt":"2022-01-08T18:25:59.146Z"},"service":"team-service"}
{"level":"info","message":{"_id":"61d9d737994391ff68d7a145","createdAt":"2022-01-08T18:25:59.057Z","founder":{"_id":"61d9c6a8b984b144e517b18f","name":"omercolakoglu"},"name":"lodzteam","playersId":["61d9c6a8b984b144e517b18f"],"updatedAt":"2022-01-08T18:25:59.146Z"},"service":"team-service"}
{"level":"info","message":{"_id":"61d9d737994391ff68d7a145","createdAt":"2022-01-08T18:25:59.057Z","founder":{"_id":"61d9c6a8b984b144e517b18f","name":"omercolakoglu"},"name":"lodzteam","playersId":["61d9c6a8b984b144e517b18f"],"updatedAt":"2022-01-08T18:25:59.146Z"},"service":"team-service"}
{"level":"info","message":{"_id":"61d9d737994391ff68d7a145","createdAt":"2022-01-08T18:25:59.057Z","founder":{"_id":"61d9c6a8b984b144e517b18f","name":"omercolakoglu"},"name":"lodzteam","playersId":["61d9c6a8b984b144e517b18f"],"updatedAt":"2022-01-08T18:25:59.146Z"},"service":"team-service"}
{"level":"info","message":{"_id":"61d9d737994391ff68d7a145","createdAt":"2022-01-08T18:25:59.057Z","founder":{"_id":"61d9c6a8b984b144e517b18f","name":"omercolakoglu"},"name":"lodzteam","playersId":["61d9c6a8b984b144e517b18f"],"updatedAt":"2022-01-08T18:25:59.146Z"},"service":"team-service"}
{"level":"info","message":{"_id":"61d9d737994391ff68d7a145","createdAt":"2022-01-08T18:25:59.057Z","founder":{"_id":"61d9c6a8b984b144e517b18f","name":"omercolakoglu"},"name":"lodzteam","playersId":["61d9c6a8b984b144e517b18f"],"updatedAt":"2022-01-08T18:25:59.146Z"},"service":"team-service"}
{"level":"info","message":{"_id":"61d9d737994391ff68d7a145","createdAt":"2022-01-08T18:25:59.057Z","founder":{"_id":"61d9c6a8b984b144e517b18f","name":"omercolakoglu"},"name":"lodzteam","playersId":[],"updatedAt":"2022-01-08T18:56:51.159Z"},"service":"team-service"}
